<?xml version="1.0" encoding="UTF-8"?>
<testsuite xmlns:xsi="http://www.w3.org/2001/XMLSchema-instance" xsi:noNamespaceSchemaLocation="https://maven.apache.org/surefire/maven-surefire-plugin/xsd/surefire-test-report-3.0.xsd" version="3.0" name="com.expeditors.householddataprocessing.HouseholdProcessorUnitTest" time="0.078" tests="2" errors="0" skipped="0" failures="0">
  <properties>
[...]
</properties>
  <testcase name="testProcessThrowException" classname="com.expeditors.householddataprocessing.HouseholdProcessorUnitTest" time="0.016">
    <system-err><![CDATA[Age in the input data is invalid
]]></system-err>
  </testcase>
  <testcase name="testProcess" classname="com.expeditors.householddataprocessing.HouseholdProcessorUnitTest" time="0.015"/>
</testsuite>